0 info it worked if it ends with ok
1 verbose cli [ '/usr/bin/node', '/usr/bin/npm', 'install', 'sass', '-g' ]
2 info using npm@3.5.2
3 info using node@v8.10.0
4 silly loadCurrentTree Starting
5 silly install loadCurrentTree
6 silly install readGlobalPackageData
7 silly fetchPackageMetaData sass
8 silly fetchNamedPackageData sass
9 silly mapToRegistry name sass
10 silly mapToRegistry using default registry
11 silly mapToRegistry registry https://registry.npmjs.org/
12 silly mapToRegistry uri https://registry.npmjs.org/sass
13 verbose request uri https://registry.npmjs.org/sass
14 verbose request no auth needed
15 info attempt registry request try #1 at 16:57:55
16 verbose request id ea110157b3c6cdf3
17 verbose etag W/"47b90a937321650a257d10e7ef058d2d"
18 verbose lastModified Thu, 18 Feb 2021 22:07:50 GMT
19 http request GET https://registry.npmjs.org/sass
20 http 304 https://registry.npmjs.org/sass
21 verbose headers { date: 'Mon, 01 Mar 2021 15:57:57 GMT',
21 verbose headers   connection: 'keep-alive',
21 verbose headers   'set-cookie':
21 verbose headers    [ '__cfduid=df97d9ec1b2f2082eb6d57c355785a4d51614614277; expires=Wed, 31-Mar-21 15:57:57 GMT; path=/; domain=.npmjs.org; HttpOnly; SameSite=Lax' ],
21 verbose headers   'cf-ray': '629395812a5b3322-CDG',
21 verbose headers   age: '6054',
21 verbose headers   'cache-control': 'public, max-age=300',
21 verbose headers   etag: '"47b90a937321650a257d10e7ef058d2d"',
21 verbose headers   'last-modified': 'Thu, 18 Feb 2021 22:07:50 GMT',
21 verbose headers   vary: 'Accept-Encoding',
21 verbose headers   'cf-cache-status': 'HIT',
21 verbose headers   'cf-request-id': '08901bc4b9000033223c391000000001',
21 verbose headers   'expect-ct': 'max-age=604800, report-uri="https://report-uri.cloudflare.com/cdn-cgi/beacon/expect-ct"',
21 verbose headers   server: 'cloudflare' }
22 silly get cb [ 304,
22 silly get   { date: 'Mon, 01 Mar 2021 15:57:57 GMT',
22 silly get     connection: 'keep-alive',
22 silly get     'set-cookie':
22 silly get      [ '__cfduid=df97d9ec1b2f2082eb6d57c355785a4d51614614277; expires=Wed, 31-Mar-21 15:57:57 GMT; path=/; domain=.npmjs.org; HttpOnly; SameSite=Lax' ],
22 silly get     'cf-ray': '629395812a5b3322-CDG',
22 silly get     age: '6054',
22 silly get     'cache-control': 'public, max-age=300',
22 silly get     etag: '"47b90a937321650a257d10e7ef058d2d"',
22 silly get     'last-modified': 'Thu, 18 Feb 2021 22:07:50 GMT',
22 silly get     vary: 'Accept-Encoding',
22 silly get     'cf-cache-status': 'HIT',
22 silly get     'cf-request-id': '08901bc4b9000033223c391000000001',
22 silly get     'expect-ct': 'max-age=604800, report-uri="https://report-uri.cloudflare.com/cdn-cgi/beacon/expect-ct"',
22 silly get     server: 'cloudflare' } ]
23 verbose etag https://registry.npmjs.org/sass from cache
24 verbose get saving sass to /home/skann/.npm/registry.npmjs.org/sass/.cache.json
25 silly install normalizeTree
26 silly loadCurrentTree Finishing
27 silly loadIdealTree Starting
28 silly install loadIdealTree
29 silly cloneCurrentTree Starting
30 silly install cloneCurrentTreeToIdealTree
31 silly cloneCurrentTree Finishing
32 silly loadShrinkwrap Starting
33 silly install loadShrinkwrap
34 silly loadShrinkwrap Finishing
35 silly loadAllDepsIntoIdealTree Starting
36 silly install loadAllDepsIntoIdealTree
37 silly resolveWithNewModule sass@1.32.8 checking installable status
38 silly cache add args [ 'sass', null ]
39 verbose cache add spec sass
40 silly cache add parsed spec Result {
40 silly cache add   raw: 'sass',
40 silly cache add   scope: null,
40 silly cache add   name: 'sass',
40 silly cache add   rawSpec: '',
40 silly cache add   spec: 'latest',
40 silly cache add   type: 'tag' }
41 silly addNamed sass@latest
42 verbose addNamed "latest" is being treated as a dist-tag for sass
43 info addNameTag [ 'sass', 'latest' ]
44 silly mapToRegistry name sass
45 silly mapToRegistry using default registry
46 silly mapToRegistry registry https://registry.npmjs.org/
47 silly mapToRegistry uri https://registry.npmjs.org/sass
48 verbose addNameTag registry:https://registry.npmjs.org/sass not in flight; fetching
49 verbose get https://registry.npmjs.org/sass not expired, no request
50 silly addNameTag next cb for sass with tag latest
51 silly addNamed sass@1.32.8
52 verbose addNamed "1.32.8" is a plain semver version for sass
53 silly cache afterAdd sass@1.32.8
54 verbose afterAdd /home/skann/.npm/sass/1.32.8/package/package.json not in flight; writing
55 verbose afterAdd /home/skann/.npm/sass/1.32.8/package/package.json written
56 silly fetchNamedPackageData chokidar
57 silly mapToRegistry name chokidar
58 silly mapToRegistry using default registry
59 silly mapToRegistry registry https://registry.npmjs.org/
60 silly mapToRegistry uri https://registry.npmjs.org/chokidar
61 verbose request uri https://registry.npmjs.org/chokidar
62 verbose request no auth needed
63 info attempt registry request try #1 at 16:57:57
64 verbose etag W/"f423ac7e290b255eff27590367d3b491"
65 verbose lastModified Fri, 15 Jan 2021 14:34:53 GMT
66 http request GET https://registry.npmjs.org/chokidar
67 http 304 https://registry.npmjs.org/chokidar
68 verbose headers { date: 'Mon, 01 Mar 2021 15:57:57 GMT',
68 verbose headers   connection: 'keep-alive',
68 verbose headers   'set-cookie':
68 verbose headers    [ '__cfduid=df97d9ec1b2f2082eb6d57c355785a4d51614614277; expires=Wed, 31-Mar-21 15:57:57 GMT; path=/; domain=.npmjs.org; HttpOnly; SameSite=Lax' ],
68 verbose headers   'cf-ray': '629395840a293322-CDG',
68 verbose headers   age: '4559',
68 verbose headers   'cache-control': 'public, max-age=300',
68 verbose headers   etag: '"f423ac7e290b255eff27590367d3b491"',
68 verbose headers   'last-modified': 'Fri, 15 Jan 2021 14:34:53 GMT',
68 verbose headers   vary: 'Accept-Encoding',
68 verbose headers   'cf-cache-status': 'HIT',
68 verbose headers   'cf-request-id': '08901bc68a000033223daa0000000001',
68 verbose headers   'expect-ct': 'max-age=604800, report-uri="https://report-uri.cloudflare.com/cdn-cgi/beacon/expect-ct"',
68 verbose headers   server: 'cloudflare' }
69 silly get cb [ 304,
69 silly get   { date: 'Mon, 01 Mar 2021 15:57:57 GMT',
69 silly get     connection: 'keep-alive',
69 silly get     'set-cookie':
69 silly get      [ '__cfduid=df97d9ec1b2f2082eb6d57c355785a4d51614614277; expires=Wed, 31-Mar-21 15:57:57 GMT; path=/; domain=.npmjs.org; HttpOnly; SameSite=Lax' ],
69 silly get     'cf-ray': '629395840a293322-CDG',
69 silly get     age: '4559',
69 silly get     'cache-control': 'public, max-age=300',
69 silly get     etag: '"f423ac7e290b255eff27590367d3b491"',
69 silly get     'last-modified': 'Fri, 15 Jan 2021 14:34:53 GMT',
69 silly get     vary: 'Accept-Encoding',
69 silly get     'cf-cache-status': 'HIT',
69 silly get     'cf-request-id': '08901bc68a000033223daa0000000001',
69 silly get     'expect-ct': 'max-age=604800, report-uri="https://report-uri.cloudflare.com/cdn-cgi/beacon/expect-ct"',
69 silly get     server: 'cloudflare' } ]
70 verbose etag https://registry.npmjs.org/chokidar from cache
71 verbose get saving chokidar to /home/skann/.npm/registry.npmjs.org/chokidar/.cache.json
72 silly resolveWithNewModule chokidar@3.5.1 checking installable status
73 silly cache add args [ 'chokidar@>=2.0.0 <4.0.0', null ]
74 verbose cache add spec chokidar@>=2.0.0 <4.0.0
75 silly cache add parsed spec Result {
75 silly cache add   raw: 'chokidar@>=2.0.0 <4.0.0',
75 silly cache add   scope: null,
75 silly cache add   name: 'chokidar',
75 silly cache add   rawSpec: '>=2.0.0 <4.0.0',
75 silly cache add   spec: '>=2.0.0 <4.0.0',
75 silly cache add   type: 'range' }
76 silly addNamed chokidar@>=2.0.0 <4.0.0
77 verbose addNamed ">=2.0.0 <4.0.0" is a valid semver range for chokidar
78 silly addNameRange { name: 'chokidar', range: '>=2.0.0 <4.0.0', hasData: false }
79 silly mapToRegistry name chokidar
80 silly mapToRegistry using default registry
81 silly mapToRegistry registry https://registry.npmjs.org/
82 silly mapToRegistry uri https://registry.npmjs.org/chokidar
83 verbose addNameRange registry:https://registry.npmjs.org/chokidar not in flight; fetching
84 verbose get https://registry.npmjs.org/chokidar not expired, no request
85 silly addNameRange number 2 { name: 'chokidar', range: '>=2.0.0 <4.0.0', hasData: true }
86 silly addNameRange versions [ 'chokidar',
86 silly addNameRange   [ '0.1.1',
86 silly addNameRange     '0.2.0',
86 silly addNameRange     '0.2.1',
86 silly addNameRange     '0.2.2',
86 silly addNameRange     '0.2.3',
86 silly addNameRange     '0.2.4',
86 silly addNameRange     '0.2.5',
86 silly addNameRange     '0.2.6',
86 silly addNameRange     '0.3.0',
86 silly addNameRange     '0.4.0',
86 silly addNameRange     '0.5.0',
86 silly addNameRange     '0.5.1',
86 silly addNameRange     '0.5.2',
86 silly addNameRange     '0.5.3',
86 silly addNameRange     '0.6.0',
86 silly addNameRange     '0.6.1',
86 silly addNameRange     '0.6.2',
86 silly addNameRange     '0.6.3',
86 silly addNameRange     '0.7.0',
86 silly addNameRange     '0.7.1',
86 silly addNameRange     '0.8.0',
86 silly addNameRange     '0.8.1',
86 silly addNameRange     '0.8.2',
86 silly addNameRange     '0.8.3',
86 silly addNameRange     '0.8.4',
86 silly addNameRange     '0.9.0',
86 silly addNameRange     '0.10.0',
86 silly addNameRange     '0.10.1',
86 silly addNameRange     '0.10.2',
86 silly addNameRange     '0.10.3',
86 silly addNameRange     '0.10.4',
86 silly addNameRange     '0.10.5',
86 silly addNameRange     '0.10.6',
86 silly addNameRange     '0.10.7',
86 silly addNameRange     '0.10.8',
86 silly addNameRange     '0.10.9',
86 silly addNameRange     '0.11.0',
86 silly addNameRange     '0.11.1',
86 silly addNameRange     '0.12.0',
86 silly addNameRange     '0.12.1',
86 silly addNameRange     '0.12.2',
86 silly addNameRange     '0.12.3',
86 silly addNameRange     '0.12.4',
86 silly addNameRange     '0.12.5',
86 silly addNameRange     '0.12.6',
86 silly addNameRange     '1.0.0-rc1',
86 silly addNameRange     '1.0.0-rc1.1',
86 silly addNameRange     '1.0.0-rc2',
86 silly addNameRange     '1.0.0-rc3',
86 silly addNameRange     '1.0.0-rc4',
86 silly addNameRange     '1.0.0-rc5',
86 silly addNameRange     '1.0.0',
86 silly addNameRange     '1.0.1',
86 silly addNameRange     '1.0.2',
86 silly addNameRange     '1.0.3',
86 silly addNameRange     '1.0.4',
86 silly addNameRange     '1.0.5',
86 silly addNameRange     '1.0.6',
86 silly addNameRange     '1.1.0',
86 silly addNameRange     '1.2.0',
86 silly addNameRange     '1.3.0',
86 silly addNameRange     '1.4.0',
86 silly addNameRange     '1.4.1',
86 silly addNameRange     '1.4.2',
86 silly addNameRange     '1.4.3',
86 silly addNameRange     '1.5.0',
86 silly addNameRange     '1.5.1',
86 silly addNameRange     '1.5.2',
86 silly addNameRange     '1.6.0',
86 silly addNameRange     '1.6.1',
86 silly addNameRange     '1.7.0',
86 silly addNameRange     '2.0.0',
86 silly addNameRange     '2.0.1',
86 silly addNameRange     '2.0.2',
86 silly addNameRange     '2.0.3',
86 silly addNameRange     '2.0.4',
86 silly addNameRange     '2.1.0',
86 silly addNameRange     '2.1.1',
86 silly addNameRange     '2.1.2',
86 silly addNameRange     '2.1.3',
86 silly addNameRange     '2.1.4',
86 silly addNameRange     '2.1.5',
86 silly addNameRange     '3.0.0',
86 silly addNameRange     '2.1.6',
86 silly addNameRange     '3.0.1',
86 silly addNameRange     '3.0.2',
86 silly addNameRange     '2.1.8',
86 silly addNameRange     '3.1.0',
86 silly addNameRange     '3.1.1',
86 silly addNameRange     '3.2.0',
86 silly addNameRange     '3.2.1',
86 silly addNameRange     '3.2.2',
86 silly addNameRange     '3.2.3',
86 silly addNameRange     '3.3.0',
86 silly addNameRange     '3.3.1',
86 silly addNameRange     '3.4.0',
86 silly addNameRange     '3.4.1',
86 silly addNameRange     '3.4.2',
86 silly addNameRange     '3.4.3',
86 silly addNameRange     '3.5.0',
86 silly addNameRange     ... 1 more item ] ]
87 silly addNamed chokidar@3.5.1
88 verbose addNamed "3.5.1" is a plain semver version for chokidar
89 silly cache afterAdd chokidar@3.5.1
90 verbose afterAdd /home/skann/.npm/chokidar/3.5.1/package/package.json not in flight; writing
91 verbose afterAdd /home/skann/.npm/chokidar/3.5.1/package/package.json written
92 silly fetchNamedPackageData anymatch
93 silly mapToRegistry name anymatch
94 silly mapToRegistry using default registry
95 silly mapToRegistry registry https://registry.npmjs.org/
96 silly mapToRegistry uri https://registry.npmjs.org/anymatch
97 silly fetchNamedPackageData braces
98 silly mapToRegistry name braces
99 silly mapToRegistry using default registry
100 silly mapToRegistry registry https://registry.npmjs.org/
101 silly mapToRegistry uri https://registry.npmjs.org/braces
102 silly fetchNamedPackageData glob-parent
103 silly mapToRegistry name glob-parent
104 silly mapToRegistry using default registry
105 silly mapToRegistry registry https://registry.npmjs.org/
106 silly mapToRegistry uri https://registry.npmjs.org/glob-parent
107 silly fetchNamedPackageData is-binary-path
108 silly mapToRegistry name is-binary-path
109 silly mapToRegistry using default registry
110 silly mapToRegistry registry https://registry.npmjs.org/
111 silly mapToRegistry uri https://registry.npmjs.org/is-binary-path
112 silly fetchNamedPackageData is-glob
113 silly mapToRegistry name is-glob
114 silly mapToRegistry using default registry
115 silly mapToRegistry registry https://registry.npmjs.org/
116 silly mapToRegistry uri https://registry.npmjs.org/is-glob
117 silly fetchNamedPackageData normalize-path
118 silly mapToRegistry name normalize-path
119 silly mapToRegistry using default registry
120 silly mapToRegistry registry https://registry.npmjs.org/
121 silly mapToRegistry uri https://registry.npmjs.org/normalize-path
122 silly fetchNamedPackageData readdirp
123 silly mapToRegistry name readdirp
124 silly mapToRegistry using default registry
125 silly mapToRegistry registry https://registry.npmjs.org/
126 silly mapToRegistry uri https://registry.npmjs.org/readdirp
127 silly fetchNamedPackageData fsevents
128 silly mapToRegistry name fsevents
129 silly mapToRegistry using default registry
130 silly mapToRegistry registry https://registry.npmjs.org/
131 silly mapToRegistry uri https://registry.npmjs.org/fsevents
132 verbose request uri https://registry.npmjs.org/braces
133 verbose request no auth needed
134 info attempt registry request try #1 at 16:57:58
135 verbose etag W/"53878de16015f7ab71c0a56f622f24f9"
136 verbose lastModified Tue, 16 Apr 2019 19:51:16 GMT
137 http request GET https://registry.npmjs.org/braces
138 verbose request uri https://registry.npmjs.org/is-binary-path
139 verbose request no auth needed
140 info attempt registry request try #1 at 16:57:58
141 verbose etag W/"8ed7a9479c3f5e194e9571992693ddc0"
142 verbose lastModified Fri, 19 Apr 2019 04:42:49 GMT
143 http request GET https://registry.npmjs.org/is-binary-path
144 verbose request uri https://registry.npmjs.org/fsevents
145 verbose request no auth needed
146 info attempt registry request try #1 at 16:57:58
147 verbose etag W/"897b89cb36d39b1e4f3706e4aaceba9b"
148 verbose lastModified Fri, 05 Feb 2021 14:46:37 GMT
149 http request GET https://registry.npmjs.org/fsevents
150 verbose request uri https://registry.npmjs.org/readdirp
151 verbose request no auth needed
152 info attempt registry request try #1 at 16:57:58
153 verbose etag W/"fd50e901e3e7ff4682828e07e910080e"
154 verbose lastModified Tue, 13 Oct 2020 10:18:01 GMT
155 http request GET https://registry.npmjs.org/readdirp
156 verbose request uri https://registry.npmjs.org/is-glob
157 verbose request no auth needed
158 info attempt registry request try #1 at 16:57:58
159 verbose etag W/"d4c60158c6c0244bf96dd8e6749675aa"
160 verbose lastModified Wed, 27 Mar 2019 22:26:41 GMT
161 http request GET https://registry.npmjs.org/is-glob
162 verbose request uri https://registry.npmjs.org/normalize-path
163 verbose request no auth needed
164 info attempt registry request try #1 at 16:57:58
165 verbose etag W/"0a459c763ee9d4916c02d792a226cce9"
166 verbose lastModified Sun, 27 May 2018 10:33:45 GMT
167 http request GET https://registry.npmjs.org/normalize-path
168 verbose request uri https://registry.npmjs.org/anymatch
169 verbose request no auth needed
170 info attempt registry request try #1 at 16:57:58
171 verbose etag W/"98fa5632ec0e527416f1335e40360ff2"
172 verbose lastModified Tue, 01 Oct 2019 02:34:52 GMT
173 http request GET https://registry.npmjs.org/anymatch
174 verbose request uri https://registry.npmjs.org/glob-parent
175 verbose request no auth needed
176 info attempt registry request try #1 at 16:57:58
177 verbose etag W/"55aefcb05179f7fa45b295d0974d798e"
178 verbose lastModified Sat, 21 Mar 2020 23:16:52 GMT
179 http request GET https://registry.npmjs.org/glob-parent
180 http 304 https://registry.npmjs.org/braces
181 verbose headers { date: 'Mon, 01 Mar 2021 15:57:58 GMT',
181 verbose headers   connection: 'keep-alive',
181 verbose headers   'set-cookie':
181 verbose headers    [ '__cfduid=ded22daec1262c3996ffdeadea5b651971614614278; expires=Wed, 31-Mar-21 15:57:58 GMT; path=/; domain=.npmjs.org; HttpOnly; SameSite=Lax' ],
181 verbose headers   'cf-ray': '629395862fdd3322-CDG',
181 verbose headers   age: '3305',
181 verbose headers   'cache-control': 'public, max-age=300',
181 verbose headers   etag: '"53878de16015f7ab71c0a56f622f24f9"',
181 verbose headers   'last-modified': 'Tue, 16 Apr 2019 19:51:16 GMT',
181 verbose headers   vary: 'Accept-Encoding',
181 verbose headers   'cf-cache-status': 'HIT',
181 verbose headers   'cf-request-id': '08901bc7d500003322f7205000000001',
181 verbose headers   'expect-ct': 'max-age=604800, report-uri="https://report-uri.cloudflare.com/cdn-cgi/beacon/expect-ct"',
181 verbose headers   server: 'cloudflare' }
182 silly get cb [ 304,
182 silly get   { date: 'Mon, 01 Mar 2021 15:57:58 GMT',
182 silly get     connection: 'keep-alive',
182 silly get     'set-cookie':
182 silly get      [ '__cfduid=ded22daec1262c3996ffdeadea5b651971614614278; expires=Wed, 31-Mar-21 15:57:58 GMT; path=/; domain=.npmjs.org; HttpOnly; SameSite=Lax' ],
182 silly get     'cf-ray': '629395862fdd3322-CDG',
182 silly get     age: '3305',
182 silly get     'cache-control': 'public, max-age=300',
182 silly get     etag: '"53878de16015f7ab71c0a56f622f24f9"',
182 silly get     'last-modified': 'Tue, 16 Apr 2019 19:51:16 GMT',
182 silly get     vary: 'Accept-Encoding',
182 silly get     'cf-cache-status': 'HIT',
182 silly get     'cf-request-id': '08901bc7d500003322f7205000000001',
182 silly get     'expect-ct': 'max-age=604800, report-uri="https://report-uri.cloudflare.com/cdn-cgi/beacon/expect-ct"',
182 silly get     server: 'cloudflare' } ]
183 verbose etag https://registry.npmjs.org/braces from cache
184 verbose get saving braces to /home/skann/.npm/registry.npmjs.org/braces/.cache.json
185 silly resolveWithNewModule braces@3.0.2 checking installable status
186 silly cache add args [ 'braces@~3.0.2', null ]
187 verbose cache add spec braces@~3.0.2
188 silly cache add parsed spec Result {
188 silly cache add   raw: 'braces@~3.0.2',
188 silly cache add   scope: null,
188 silly cache add   name: 'braces',
188 silly cache add   rawSpec: '~3.0.2',
188 silly cache add   spec: '>=3.0.2 <3.1.0',
188 silly cache add   type: 'range' }
189 silly addNamed braces@>=3.0.2 <3.1.0
190 verbose addNamed ">=3.0.2 <3.1.0" is a valid semver range for braces
191 silly addNameRange { name: 'braces', range: '>=3.0.2 <3.1.0', hasData: false }
192 silly mapToRegistry name braces
193 silly mapToRegistry using default registry
194 silly mapToRegistry registry https://registry.npmjs.org/
195 silly mapToRegistry uri https://registry.npmjs.org/braces
196 verbose addNameRange registry:https://registry.npmjs.org/braces not in flight; fetching
197 verbose get https://registry.npmjs.org/braces not expired, no request
198 silly addNameRange number 2 { name: 'braces', range: '>=3.0.2 <3.1.0', hasData: true }
199 silly addNameRange versions [ 'braces',
199 silly addNameRange   [ '0.1.0',
199 silly addNameRange     '0.1.1',
199 silly addNameRange     '0.1.2',
199 silly addNameRange     '0.1.4',
199 silly addNameRange     '0.1.5',
199 silly addNameRange     '1.0.0',
199 silly addNameRange     '1.1.0',
199 silly addNameRange     '1.2.0',
199 silly addNameRange     '1.3.0',
199 silly addNameRange     '1.4.0',
199 silly addNameRange     '1.5.0',
199 silly addNameRange     '1.5.1',
199 silly addNameRange     '1.6.0',
199 silly addNameRange     '1.7.0',
199 silly addNameRange     '1.8.0',
199 silly addNameRange     '1.8.1',
199 silly addNameRange     '1.8.2',
199 silly addNameRange     '1.8.3',
199 silly addNameRange     '1.8.4',
199 silly addNameRange     '1.8.5',
199 silly addNameRange     '2.0.0',
199 silly addNameRange     '2.0.1',
199 silly addNameRange     '2.0.2',
199 silly addNameRange     '2.0.3',
199 silly addNameRange     '2.0.4',
199 silly addNameRange     '2.1.0',
199 silly addNameRange     '2.1.1',
199 silly addNameRange     '2.2.0',
199 silly addNameRange     '2.2.1',
199 silly addNameRange     '2.2.2',
199 silly addNameRange     '2.3.0',
199 silly addNameRange     '2.3.1',
199 silly addNameRange     '2.3.2',
199 silly addNameRange     '3.0.0',
199 silly addNameRange     '3.0.1',
199 silly addNameRange     '3.0.2' ] ]
200 silly addNamed braces@3.0.2
201 verbose addNamed "3.0.2" is a plain semver version for braces
202 silly cache afterAdd braces@3.0.2
203 verbose afterAdd /home/skann/.npm/braces/3.0.2/package/package.json not in flight; writing
204 verbose afterAdd /home/skann/.npm/braces/3.0.2/package/package.json written
205 http 304 https://registry.npmjs.org/is-binary-path
206 verbose headers { date: 'Mon, 01 Mar 2021 15:58:00 GMT',
206 verbose headers   connection: 'keep-alive',
206 verbose headers   'set-cookie':
206 verbose headers    [ '__cfduid=dd3f0dc6c2687b009720ab5fcd4d9e8af1614614280; expires=Wed, 31-Mar-21 15:58:00 GMT; path=/; domain=.npmjs.org; HttpOnly; SameSite=Lax' ],
206 verbose headers   'cf-ray': '629395921ee93316-CDG',
206 verbose headers   age: '2212',
206 verbose headers   'cache-control': 'public, max-age=300',
206 verbose headers   etag: '"8ed7a9479c3f5e194e9571992693ddc0"',
206 verbose headers   'last-modified': 'Fri, 19 Apr 2019 04:42:49 GMT',
206 verbose headers   vary: 'Accept-Encoding',
206 verbose headers   'cf-cache-status': 'HIT',
206 verbose headers   'cf-request-id': '08901bcf4b000033161aaf7000000001',
206 verbose headers   'expect-ct': 'max-age=604800, report-uri="https://report-uri.cloudflare.com/cdn-cgi/beacon/expect-ct"',
206 verbose headers   server: 'cloudflare' }
207 silly get cb [ 304,
207 silly get   { date: 'Mon, 01 Mar 2021 15:58:00 GMT',
207 silly get     connection: 'keep-alive',
207 silly get     'set-cookie':
207 silly get      [ '__cfduid=dd3f0dc6c2687b009720ab5fcd4d9e8af1614614280; expires=Wed, 31-Mar-21 15:58:00 GMT; path=/; domain=.npmjs.org; HttpOnly; SameSite=Lax' ],
207 silly get     'cf-ray': '629395921ee93316-CDG',
207 silly get     age: '2212',
207 silly get     'cache-control': 'public, max-age=300',
207 silly get     etag: '"8ed7a9479c3f5e194e9571992693ddc0"',
207 silly get     'last-modified': 'Fri, 19 Apr 2019 04:42:49 GMT',
207 silly get     vary: 'Accept-Encoding',
207 silly get     'cf-cache-status': 'HIT',
207 silly get     'cf-request-id': '08901bcf4b000033161aaf7000000001',
207 silly get     'expect-ct': 'max-age=604800, report-uri="https://report-uri.cloudflare.com/cdn-cgi/beacon/expect-ct"',
207 silly get     server: 'cloudflare' } ]
208 verbose etag https://registry.npmjs.org/is-binary-path from cache
209 verbose get saving is-binary-path to /home/skann/.npm/registry.npmjs.org/is-binary-path/.cache.json
210 silly resolveWithNewModule is-binary-path@2.1.0 checking installable status
211 silly cache add args [ 'is-binary-path@~2.1.0', null ]
212 verbose cache add spec is-binary-path@~2.1.0
213 silly cache add parsed spec Result {
213 silly cache add   raw: 'is-binary-path@~2.1.0',
213 silly cache add   scope: null,
213 silly cache add   name: 'is-binary-path',
213 silly cache add   rawSpec: '~2.1.0',
213 silly cache add   spec: '>=2.1.0 <2.2.0',
213 silly cache add   type: 'range' }
214 silly addNamed is-binary-path@>=2.1.0 <2.2.0
215 verbose addNamed ">=2.1.0 <2.2.0" is a valid semver range for is-binary-path
216 silly addNameRange { name: 'is-binary-path',
216 silly addNameRange   range: '>=2.1.0 <2.2.0',
216 silly addNameRange   hasData: false }
217 silly mapToRegistry name is-binary-path
218 silly mapToRegistry using default registry
219 silly mapToRegistry registry https://registry.npmjs.org/
220 silly mapToRegistry uri https://registry.npmjs.org/is-binary-path
221 verbose addNameRange registry:https://registry.npmjs.org/is-binary-path not in flight; fetching
222 verbose get https://registry.npmjs.org/is-binary-path not expired, no request
223 silly addNameRange number 2 { name: 'is-binary-path',
223 silly addNameRange   range: '>=2.1.0 <2.2.0',
223 silly addNameRange   hasData: true }
224 silly addNameRange versions [ 'is-binary-path',
224 silly addNameRange   [ '1.0.0', '1.0.1', '2.0.0', '2.0.1', '2.1.0' ] ]
225 silly addNamed is-binary-path@2.1.0
226 verbose addNamed "2.1.0" is a plain semver version for is-binary-path
227 silly cache afterAdd is-binary-path@2.1.0
228 verbose afterAdd /home/skann/.npm/is-binary-path/2.1.0/package/package.json not in flight; writing
229 verbose afterAdd /home/skann/.npm/is-binary-path/2.1.0/package/package.json written
230 http 304 https://registry.npmjs.org/normalize-path
231 verbose headers { date: 'Mon, 01 Mar 2021 15:58:05 GMT',
231 verbose headers   connection: 'keep-alive',
231 verbose headers   'set-cookie':
231 verbose headers    [ '__cfduid=dcaec554ab98bd20f452fa4abc58a6e1e1614614285; expires=Wed, 31-Mar-21 15:58:05 GMT; path=/; domain=.npmjs.org; HttpOnly; SameSite=Lax' ],
231 verbose headers   'cf-ray': '629395b2bd8a0810-CDG',
231 verbose headers   age: '5561',
231 verbose headers   'cache-control': 'public, max-age=300',
231 verbose headers   etag: '"0a459c763ee9d4916c02d792a226cce9"',
231 verbose headers   'last-modified': 'Sun, 27 May 2018 10:33:45 GMT',
231 verbose headers   vary: 'Accept-Encoding',
231 verbose headers   'cf-cache-status': 'HIT',
231 verbose headers   'cf-request-id': '08901be3b000000810450a0000000001',
231 verbose headers   'expect-ct': 'max-age=604800, report-uri="https://report-uri.cloudflare.com/cdn-cgi/beacon/expect-ct"',
231 verbose headers   server: 'cloudflare' }
232 silly get cb [ 304,
232 silly get   { date: 'Mon, 01 Mar 2021 15:58:05 GMT',
232 silly get     connection: 'keep-alive',
232 silly get     'set-cookie':
232 silly get      [ '__cfduid=dcaec554ab98bd20f452fa4abc58a6e1e1614614285; expires=Wed, 31-Mar-21 15:58:05 GMT; path=/; domain=.npmjs.org; HttpOnly; SameSite=Lax' ],
232 silly get     'cf-ray': '629395b2bd8a0810-CDG',
232 silly get     age: '5561',
232 silly get     'cache-control': 'public, max-age=300',
232 silly get     etag: '"0a459c763ee9d4916c02d792a226cce9"',
232 silly get     'last-modified': 'Sun, 27 May 2018 10:33:45 GMT',
232 silly get     vary: 'Accept-Encoding',
232 silly get     'cf-cache-status': 'HIT',
232 silly get     'cf-request-id': '08901be3b000000810450a0000000001',
232 silly get     'expect-ct': 'max-age=604800, report-uri="https://report-uri.cloudflare.com/cdn-cgi/beacon/expect-ct"',
232 silly get     server: 'cloudflare' } ]
233 verbose etag https://registry.npmjs.org/normalize-path from cache
234 verbose get saving normalize-path to /home/skann/.npm/registry.npmjs.org/normalize-path/.cache.json
235 http 304 https://registry.npmjs.org/anymatch
236 verbose headers { date: 'Mon, 01 Mar 2021 15:58:05 GMT',
236 verbose headers   connection: 'keep-alive',
236 verbose headers   'set-cookie':
236 verbose headers    [ '__cfduid=d3d99da7c28c8bc9413d4b06e3670ec021614614285; expires=Wed, 31-Mar-21 15:58:05 GMT; path=/; domain=.npmjs.org; HttpOnly; SameSite=Lax' ],
236 verbose headers   'cf-ray': '629395b2a9d3049f-CDG',
236 verbose headers   age: '4135',
236 verbose headers   'cache-control': 'public, max-age=300',
236 verbose headers   etag: '"98fa5632ec0e527416f1335e40360ff2"',
236 verbose headers   'last-modified': 'Tue, 01 Oct 2019 02:34:52 GMT',
236 verbose headers   vary: 'Accept-Encoding',
236 verbose headers   'cf-cache-status': 'HIT',
236 verbose headers   'cf-request-id': '08901be3b00000049ff69b3000000001',
236 verbose headers   'expect-ct': 'max-age=604800, report-uri="https://report-uri.cloudflare.com/cdn-cgi/beacon/expect-ct"',
236 verbose headers   server: 'cloudflare' }
237 silly get cb [ 304,
237 silly get   { date: 'Mon, 01 Mar 2021 15:58:05 GMT',
237 silly get     connection: 'keep-alive',
237 silly get     'set-cookie':
237 silly get      [ '__cfduid=d3d99da7c28c8bc9413d4b06e3670ec021614614285; expires=Wed, 31-Mar-21 15:58:05 GMT; path=/; domain=.npmjs.org; HttpOnly; SameSite=Lax' ],
237 silly get     'cf-ray': '629395b2a9d3049f-CDG',
237 silly get     age: '4135',
237 silly get     'cache-control': 'public, max-age=300',
237 silly get     etag: '"98fa5632ec0e527416f1335e40360ff2"',
237 silly get     'last-modified': 'Tue, 01 Oct 2019 02:34:52 GMT',
237 silly get     vary: 'Accept-Encoding',
237 silly get     'cf-cache-status': 'HIT',
237 silly get     'cf-request-id': '08901be3b00000049ff69b3000000001',
237 silly get     'expect-ct': 'max-age=604800, report-uri="https://report-uri.cloudflare.com/cdn-cgi/beacon/expect-ct"',
237 silly get     server: 'cloudflare' } ]
238 verbose etag https://registry.npmjs.org/anymatch from cache
239 verbose get saving anymatch to /home/skann/.npm/registry.npmjs.org/anymatch/.cache.json
240 silly resolveWithNewModule normalize-path@3.0.0 checking installable status
241 silly cache add args [ 'normalize-path@~3.0.0', null ]
242 verbose cache add spec normalize-path@~3.0.0
243 silly cache add parsed spec Result {
243 silly cache add   raw: 'normalize-path@~3.0.0',
243 silly cache add   scope: null,
243 silly cache add   name: 'normalize-path',
243 silly cache add   rawSpec: '~3.0.0',
243 silly cache add   spec: '>=3.0.0 <3.1.0',
243 silly cache add   type: 'range' }
244 silly addNamed normalize-path@>=3.0.0 <3.1.0
245 verbose addNamed ">=3.0.0 <3.1.0" is a valid semver range for normalize-path
246 silly addNameRange { name: 'normalize-path',
246 silly addNameRange   range: '>=3.0.0 <3.1.0',
246 silly addNameRange   hasData: false }
247 silly mapToRegistry name normalize-path
248 silly mapToRegistry using default registry
249 silly mapToRegistry registry https://registry.npmjs.org/
250 silly mapToRegistry uri https://registry.npmjs.org/normalize-path
251 verbose addNameRange registry:https://registry.npmjs.org/normalize-path not in flight; fetching
252 verbose get https://registry.npmjs.org/normalize-path not expired, no request
253 silly addNameRange number 2 { name: 'normalize-path',
253 silly addNameRange   range: '>=3.0.0 <3.1.0',
253 silly addNameRange   hasData: true }
254 silly addNameRange versions [ 'normalize-path',
254 silly addNameRange   [ '0.1.0',
254 silly addNameRange     '0.1.1',
254 silly addNameRange     '0.2.0',
254 silly addNameRange     '0.2.1',
254 silly addNameRange     '0.3.0',
254 silly addNameRange     '1.0.0',
254 silly addNameRange     '2.0.0',
254 silly addNameRange     '2.0.1',
254 silly addNameRange     '2.1.0',
254 silly addNameRange     '2.1.1',
254 silly addNameRange     '3.0.0' ] ]
255 silly addNamed normalize-path@3.0.0
256 verbose addNamed "3.0.0" is a plain semver version for normalize-path
257 http 304 https://registry.npmjs.org/glob-parent
258 verbose headers { date: 'Mon, 01 Mar 2021 15:58:05 GMT',
258 verbose headers   connection: 'keep-alive',
258 verbose headers   'set-cookie':
258 verbose headers    [ '__cfduid=d82b22afe0bdec5f9a0a0b6eabdf927e01614614285; expires=Wed, 31-Mar-21 15:58:05 GMT; path=/; domain=.npmjs.org; HttpOnly; SameSite=Lax' ],
258 verbose headers   'cf-ray': '629395b2c969331e-CDG',
258 verbose headers   age: '4526',
258 verbose headers   'cache-control': 'public, max-age=300',
258 verbose headers   etag: '"55aefcb05179f7fa45b295d0974d798e"',
258 verbose headers   'last-modified': 'Sat, 21 Mar 2020 23:16:52 GMT',
258 verbose headers   vary: 'Accept-Encoding',
258 verbose headers   'cf-cache-status': 'HIT',
258 verbose headers   'cf-request-id': '08901be3bd0000331e2cbbb000000001',
258 verbose headers   'expect-ct': 'max-age=604800, report-uri="https://report-uri.cloudflare.com/cdn-cgi/beacon/expect-ct"',
258 verbose headers   server: 'cloudflare' }
259 silly get cb [ 304,
259 silly get   { date: 'Mon, 01 Mar 2021 15:58:05 GMT',
259 silly get     connection: 'keep-alive',
259 silly get     'set-cookie':
259 silly get      [ '__cfduid=d82b22afe0bdec5f9a0a0b6eabdf927e01614614285; expires=Wed, 31-Mar-21 15:58:05 GMT; path=/; domain=.npmjs.org; HttpOnly; SameSite=Lax' ],
259 silly get     'cf-ray': '629395b2c969331e-CDG',
259 silly get     age: '4526',
259 silly get     'cache-control': 'public, max-age=300',
259 silly get     etag: '"55aefcb05179f7fa45b295d0974d798e"',
259 silly get     'last-modified': 'Sat, 21 Mar 2020 23:16:52 GMT',
259 silly get     vary: 'Accept-Encoding',
259 silly get     'cf-cache-status': 'HIT',
259 silly get     'cf-request-id': '08901be3bd0000331e2cbbb000000001',
259 silly get     'expect-ct': 'max-age=604800, report-uri="https://report-uri.cloudflare.com/cdn-cgi/beacon/expect-ct"',
259 silly get     server: 'cloudflare' } ]
260 verbose etag https://registry.npmjs.org/glob-parent from cache
261 verbose get saving glob-parent to /home/skann/.npm/registry.npmjs.org/glob-parent/.cache.json
262 http 304 https://registry.npmjs.org/readdirp
263 verbose headers { date: 'Mon, 01 Mar 2021 15:58:05 GMT',
263 verbose headers   connection: 'keep-alive',
263 verbose headers   'set-cookie':
263 verbose headers    [ '__cfduid=dd8731d97e27692e79e6317e161ecb35d1614614285; expires=Wed, 31-Mar-21 15:58:05 GMT; path=/; domain=.npmjs.org; HttpOnly; SameSite=Lax' ],
263 verbose headers   'cf-ray': '629395b2c983ee1f-CDG',
263 verbose headers   age: '2961',
263 verbose headers   'cache-control': 'public, max-age=300',
263 verbose headers   etag: '"fd50e901e3e7ff4682828e07e910080e"',
263 verbose headers   'last-modified': 'Tue, 13 Oct 2020 10:18:01 GMT',
263 verbose headers   vary: 'Accept-Encoding',
263 verbose headers   'cf-cache-status': 'HIT',
263 verbose headers   'cf-request-id': '08901be3be0000ee1f64188000000001',
263 verbose headers   'expect-ct': 'max-age=604800, report-uri="https://report-uri.cloudflare.com/cdn-cgi/beacon/expect-ct"',
263 verbose headers   server: 'cloudflare' }
264 silly get cb [ 304,
264 silly get   { date: 'Mon, 01 Mar 2021 15:58:05 GMT',
264 silly get     connection: 'keep-alive',
264 silly get     'set-cookie':
264 silly get      [ '__cfduid=dd8731d97e27692e79e6317e161ecb35d1614614285; expires=Wed, 31-Mar-21 15:58:05 GMT; path=/; domain=.npmjs.org; HttpOnly; SameSite=Lax' ],
264 silly get     'cf-ray': '629395b2c983ee1f-CDG',
264 silly get     age: '2961',
264 silly get     'cache-control': 'public, max-age=300',
264 silly get     etag: '"fd50e901e3e7ff4682828e07e910080e"',
264 silly get     'last-modified': 'Tue, 13 Oct 2020 10:18:01 GMT',
264 silly get     vary: 'Accept-Encoding',
264 silly get     'cf-cache-status': 'HIT',
264 silly get     'cf-request-id': '08901be3be0000ee1f64188000000001',
264 silly get     'expect-ct': 'max-age=604800, report-uri="https://report-uri.cloudflare.com/cdn-cgi/beacon/expect-ct"',
264 silly get     server: 'cloudflare' } ]
265 verbose etag https://registry.npmjs.org/readdirp from cache
266 verbose get saving readdirp to /home/skann/.npm/registry.npmjs.org/readdirp/.cache.json
267 silly resolveWithNewModule glob-parent@5.1.1 checking installable status
268 silly cache add args [ 'glob-parent@~5.1.0', null ]
269 verbose cache add spec glob-parent@~5.1.0
270 silly cache add parsed spec Result {
270 silly cache add   raw: 'glob-parent@~5.1.0',
270 silly cache add   scope: null,
270 silly cache add   name: 'glob-parent',
270 silly cache add   rawSpec: '~5.1.0',
270 silly cache add   spec: '>=5.1.0 <5.2.0',
270 silly cache add   type: 'range' }
271 silly addNamed glob-parent@>=5.1.0 <5.2.0
272 verbose addNamed ">=5.1.0 <5.2.0" is a valid semver range for glob-parent
273 silly addNameRange { name: 'glob-parent', range: '>=5.1.0 <5.2.0', hasData: false }
274 silly mapToRegistry name glob-parent
275 silly mapToRegistry using default registry
276 silly mapToRegistry registry https://registry.npmjs.org/
277 silly mapToRegistry uri https://registry.npmjs.org/glob-parent
278 verbose addNameRange registry:https://registry.npmjs.org/glob-parent not in flight; fetching
279 silly resolveWithNewModule anymatch@3.1.1 checking installable status
280 silly cache add args [ 'anymatch@~3.1.1', null ]
281 verbose cache add spec anymatch@~3.1.1
282 silly cache add parsed spec Result {
282 silly cache add   raw: 'anymatch@~3.1.1',
282 silly cache add   scope: null,
282 silly cache add   name: 'anymatch',
282 silly cache add   rawSpec: '~3.1.1',
282 silly cache add   spec: '>=3.1.1 <3.2.0',
282 silly cache add   type: 'range' }
283 silly addNamed anymatch@>=3.1.1 <3.2.0
284 verbose addNamed ">=3.1.1 <3.2.0" is a valid semver range for anymatch
285 silly addNameRange { name: 'anymatch', range: '>=3.1.1 <3.2.0', hasData: false }
286 silly mapToRegistry name anymatch
287 silly mapToRegistry using default registry
288 silly mapToRegistry registry https://registry.npmjs.org/
289 silly mapToRegistry uri https://registry.npmjs.org/anymatch
290 verbose addNameRange registry:https://registry.npmjs.org/anymatch not in flight; fetching
291 http 304 https://registry.npmjs.org/fsevents
292 verbose headers { date: 'Mon, 01 Mar 2021 15:58:05 GMT',
292 verbose headers   connection: 'keep-alive',
292 verbose headers   'set-cookie':
292 verbose headers    [ '__cfduid=d302323788ed258009e7a241a25f276601614614285; expires=Wed, 31-Mar-21 15:58:05 GMT; path=/; domain=.npmjs.org; HttpOnly; SameSite=Lax' ],
292 verbose headers   'cf-ray': '629395b2bfa83319-CDG',
292 verbose headers   age: '4889',
292 verbose headers   'cache-control': 'public, max-age=300',
292 verbose headers   etag: '"897b89cb36d39b1e4f3706e4aaceba9b"',
292 verbose headers   'last-modified': 'Fri, 05 Feb 2021 14:46:37 GMT',
292 verbose headers   vary: 'Accept-Encoding',
292 verbose headers   'cf-cache-status': 'HIT',
292 verbose headers   'cf-request-id': '08901be3b00000331942a50000000001',
292 verbose headers   'expect-ct': 'max-age=604800, report-uri="https://report-uri.cloudflare.com/cdn-cgi/beacon/expect-ct"',
292 verbose headers   server: 'cloudflare' }
293 silly get cb [ 304,
293 silly get   { date: 'Mon, 01 Mar 2021 15:58:05 GMT',
293 silly get     connection: 'keep-alive',
293 silly get     'set-cookie':
293 silly get      [ '__cfduid=d302323788ed258009e7a241a25f276601614614285; expires=Wed, 31-Mar-21 15:58:05 GMT; path=/; domain=.npmjs.org; HttpOnly; SameSite=Lax' ],
293 silly get     'cf-ray': '629395b2bfa83319-CDG',
293 silly get     age: '4889',
293 silly get     'cache-control': 'public, max-age=300',
293 silly get     etag: '"897b89cb36d39b1e4f3706e4aaceba9b"',
293 silly get     'last-modified': 'Fri, 05 Feb 2021 14:46:37 GMT',
293 silly get     vary: 'Accept-Encoding',
293 silly get     'cf-cache-status': 'HIT',
293 silly get     'cf-request-id': '08901be3b00000331942a50000000001',
293 silly get     'expect-ct': 'max-age=604800, report-uri="https://report-uri.cloudflare.com/cdn-cgi/beacon/expect-ct"',
293 silly get     server: 'cloudflare' } ]
294 verbose etag https://registry.npmjs.org/fsevents from cache
295 verbose get saving fsevents to /home/skann/.npm/registry.npmjs.org/fsevents/.cache.json
296 verbose get https://registry.npmjs.org/glob-parent not expired, no request
297 silly addNameRange number 2 { name: 'glob-parent', range: '>=5.1.0 <5.2.0', hasData: true }
298 silly addNameRange versions [ 'glob-parent',
298 silly addNameRange   [ '1.0.0',
298 silly addNameRange     '1.1.0',
298 silly addNameRange     '1.2.0',
298 silly addNameRange     '1.3.0',
298 silly addNameRange     '2.0.0',
298 silly addNameRange     '3.0.0',
298 silly addNameRange     '3.0.1',
298 silly addNameRange     '3.1.0',
298 silly addNameRange     '4.0.0',
298 silly addNameRange     '5.0.0',
298 silly addNameRange     '5.1.0',
298 silly addNameRange     '5.1.1' ] ]
299 silly addNamed glob-parent@5.1.1
300 verbose addNamed "5.1.1" is a plain semver version for glob-parent
301 verbose get https://registry.npmjs.org/anymatch not expired, no request
302 silly addNameRange number 2 { name: 'anymatch', range: '>=3.1.1 <3.2.0', hasData: true }
303 silly addNameRange versions [ 'anymatch',
303 silly addNameRange   [ '0.1.0',
303 silly addNameRange     '0.1.1',
303 silly addNameRange     '0.2.0',
303 silly addNameRange     '1.0.0',
303 silly addNameRange     '1.1.0',
303 silly addNameRange     '1.2.0',
303 silly addNameRange     '1.2.1',
303 silly addNameRange     '1.3.0',
303 silly addNameRange     '1.3.2',
303 silly addNameRange     '2.0.0',
303 silly addNameRange     '3.0.0',
303 silly addNameRange     '3.0.1',
303 silly addNameRange     '3.0.2',
303 silly addNameRange     '3.0.3',
303 silly addNameRange     '3.1.0',
303 silly addNameRange     '3.1.1' ] ]
304 silly addNamed anymatch@3.1.1
305 verbose addNamed "3.1.1" is a plain semver version for anymatch
306 silly cache afterAdd normalize-path@3.0.0
307 verbose afterAdd /home/skann/.npm/normalize-path/3.0.0/package/package.json not in flight; writing
308 silly resolveWithNewModule readdirp@3.5.0 checking installable status
309 silly cache add args [ 'readdirp@~3.5.0', null ]
310 verbose cache add spec readdirp@~3.5.0
311 silly cache add parsed spec Result {
311 silly cache add   raw: 'readdirp@~3.5.0',
311 silly cache add   scope: null,
311 silly cache add   name: 'readdirp',
311 silly cache add   rawSpec: '~3.5.0',
311 silly cache add   spec: '>=3.5.0 <3.6.0',
311 silly cache add   type: 'range' }
312 silly addNamed readdirp@>=3.5.0 <3.6.0
313 verbose addNamed ">=3.5.0 <3.6.0" is a valid semver range for readdirp
314 silly addNameRange { name: 'readdirp', range: '>=3.5.0 <3.6.0', hasData: false }
315 silly mapToRegistry name readdirp
316 silly mapToRegistry using default registry
317 silly mapToRegistry registry https://registry.npmjs.org/
318 silly mapToRegistry uri https://registry.npmjs.org/readdirp
319 verbose addNameRange registry:https://registry.npmjs.org/readdirp not in flight; fetching
320 silly resolveWithNewModule fsevents@2.3.2 checking installable status
321 verbose afterAdd /home/skann/.npm/normalize-path/3.0.0/package/package.json written
322 http 304 https://registry.npmjs.org/is-glob
323 verbose headers { date: 'Mon, 01 Mar 2021 15:58:05 GMT',
323 verbose headers   connection: 'keep-alive',
323 verbose headers   'set-cookie':
323 verbose headers    [ '__cfduid=de4ace0d909122fae2bf5975d74523bf11614614285; expires=Wed, 31-Mar-21 15:58:05 GMT; path=/; domain=.npmjs.org; HttpOnly; SameSite=Lax' ],
323 verbose headers   'cf-ray': '629395b2bfe8a86d-CDG',
323 verbose headers   age: '3164',
323 verbose headers   'cache-control': 'public, max-age=300',
323 verbose headers   etag: '"d4c60158c6c0244bf96dd8e6749675aa"',
323 verbose headers   'last-modified': 'Wed, 27 Mar 2019 22:26:41 GMT',
323 verbose headers   vary: 'Accept-Encoding',
323 verbose headers   'cf-cache-status': 'HIT',
323 verbose headers   'cf-request-id': '08901be3b70000a86dd4802000000001',
323 verbose headers   'expect-ct': 'max-age=604800, report-uri="https://report-uri.cloudflare.com/cdn-cgi/beacon/expect-ct"',
323 verbose headers   server: 'cloudflare' }
324 silly get cb [ 304,
324 silly get   { date: 'Mon, 01 Mar 2021 15:58:05 GMT',
324 silly get     connection: 'keep-alive',
324 silly get     'set-cookie':
324 silly get      [ '__cfduid=de4ace0d909122fae2bf5975d74523bf11614614285; expires=Wed, 31-Mar-21 15:58:05 GMT; path=/; domain=.npmjs.org; HttpOnly; SameSite=Lax' ],
324 silly get     'cf-ray': '629395b2bfe8a86d-CDG',
324 silly get     age: '3164',
324 silly get     'cache-control': 'public, max-age=300',
324 silly get     etag: '"d4c60158c6c0244bf96dd8e6749675aa"',
324 silly get     'last-modified': 'Wed, 27 Mar 2019 22:26:41 GMT',
324 silly get     vary: 'Accept-Encoding',
324 silly get     'cf-cache-status': 'HIT',
324 silly get     'cf-request-id': '08901be3b70000a86dd4802000000001',
324 silly get     'expect-ct': 'max-age=604800, report-uri="https://report-uri.cloudflare.com/cdn-cgi/beacon/expect-ct"',
324 silly get     server: 'cloudflare' } ]
325 verbose etag https://registry.npmjs.org/is-glob from cache
326 verbose get saving is-glob to /home/skann/.npm/registry.npmjs.org/is-glob/.cache.json
327 silly cache afterAdd glob-parent@5.1.1
328 verbose afterAdd /home/skann/.npm/glob-parent/5.1.1/package/package.json not in flight; writing
329 verbose get https://registry.npmjs.org/readdirp not expired, no request
330 silly addNameRange number 2 { name: 'readdirp', range: '>=3.5.0 <3.6.0', hasData: true }
331 silly addNameRange versions [ 'readdirp',
331 silly addNameRange   [ '0.1.0',
331 silly addNameRange     '0.1.1',
331 silly addNameRange     '0.1.2',
331 silly addNameRange     '0.1.3',
331 silly addNameRange     '0.1.4',
331 silly addNameRange     '0.2.0',
331 silly addNameRange     '0.2.1',
331 silly addNameRange     '0.2.2',
331 silly addNameRange     '0.2.3',
331 silly addNameRange     '0.2.4',
331 silly addNameRange     '0.2.5',
331 silly addNameRange     '0.3.0',
331 silly addNameRange     '0.3.1',
331 silly addNameRange     '0.3.2',
331 silly addNameRange     '0.3.3',
331 silly addNameRange     '0.4.0',
331 silly addNameRange     '1.0.0',
331 silly addNameRange     '1.0.1',
331 silly addNameRange     '1.1.0',
331 silly addNameRange     '1.2.0',
331 silly addNameRange     '1.3.0',
331 silly addNameRange     '1.4.0',
331 silly addNameRange     '2.0.0',
331 silly addNameRange     '2.0.1',
331 silly addNameRange     '2.1.0',
331 silly addNameRange     '2.2.0',
331 silly addNameRange     '2.2.1',
331 silly addNameRange     '3.0.0',
331 silly addNameRange     '3.0.1',
331 silly addNameRange     '3.0.2',
331 silly addNameRange     '3.0.3',
331 silly addNameRange     '3.1.0',
331 silly addNameRange     '3.1.1',
331 silly addNameRange     '3.1.2',
331 silly addNameRange     '3.1.3',
331 silly addNameRange     '3.2.0',
331 silly addNameRange     '3.3.0',
331 silly addNameRange     '3.4.0',
331 silly addNameRange     '3.5.0' ] ]
332 silly addNamed readdirp@3.5.0
333 verbose addNamed "3.5.0" is a plain semver version for readdirp
334 silly resolveWithNewModule is-glob@4.0.1 checking installable status
335 silly cache add args [ 'is-glob@~4.0.1', null ]
336 verbose cache add spec is-glob@~4.0.1
337 silly cache add parsed spec Result {
337 silly cache add   raw: 'is-glob@~4.0.1',
337 silly cache add   scope: null,
337 silly cache add   name: 'is-glob',
337 silly cache add   rawSpec: '~4.0.1',
337 silly cache add   spec: '>=4.0.1 <4.1.0',
337 silly cache add   type: 'range' }
338 silly addNamed is-glob@>=4.0.1 <4.1.0
339 verbose addNamed ">=4.0.1 <4.1.0" is a valid semver range for is-glob
340 silly addNameRange { name: 'is-glob', range: '>=4.0.1 <4.1.0', hasData: false }
341 silly mapToRegistry name is-glob
342 silly mapToRegistry using default registry
343 silly mapToRegistry registry https://registry.npmjs.org/
344 silly mapToRegistry uri https://registry.npmjs.org/is-glob
345 verbose addNameRange registry:https://registry.npmjs.org/is-glob not in flight; fetching
346 verbose afterAdd /home/skann/.npm/glob-parent/5.1.1/package/package.json written
347 verbose get https://registry.npmjs.org/is-glob not expired, no request
348 silly addNameRange number 2 { name: 'is-glob', range: '>=4.0.1 <4.1.0', hasData: true }
349 silly addNameRange versions [ 'is-glob',
349 silly addNameRange   [ '0.1.0',
349 silly addNameRange     '0.2.0',
349 silly addNameRange     '0.3.0',
349 silly addNameRange     '1.0.0',
349 silly addNameRange     '1.1.0',
349 silly addNameRange     '1.1.1',
349 silly addNameRange     '1.1.2',
349 silly addNameRange     '1.1.3',
349 silly addNameRange     '2.0.0',
349 silly addNameRange     '2.0.1',
349 silly addNameRange     '3.0.0',
349 silly addNameRange     '3.1.0',
349 silly addNameRange     '4.0.0',
349 silly addNameRange     '4.0.1' ] ]
350 silly addNamed is-glob@4.0.1
351 verbose addNamed "4.0.1" is a plain semver version for is-glob
352 silly cache afterAdd is-glob@4.0.1
353 verbose afterAdd /home/skann/.npm/is-glob/4.0.1/package/package.json not in flight; writing
354 verbose afterAdd /home/skann/.npm/is-glob/4.0.1/package/package.json written
355 silly cache afterAdd anymatch@3.1.1
356 verbose afterAdd /home/skann/.npm/anymatch/3.1.1/package/package.json not in flight; writing
357 verbose afterAdd /home/skann/.npm/anymatch/3.1.1/package/package.json written
358 silly cache afterAdd readdirp@3.5.0
359 verbose afterAdd /home/skann/.npm/readdirp/3.5.0/package/package.json not in flight; writing
360 verbose afterAdd /home/skann/.npm/readdirp/3.5.0/package/package.json written
361 silly fetchNamedPackageData picomatch
362 silly mapToRegistry name picomatch
363 silly mapToRegistry using default registry
364 silly mapToRegistry registry https://registry.npmjs.org/
365 silly mapToRegistry uri https://registry.npmjs.org/picomatch
366 verbose request uri https://registry.npmjs.org/picomatch
367 verbose request no auth needed
368 info attempt registry request try #1 at 16:58:05
369 verbose etag W/"52106854e73bc1068c41b9705154243f"
370 verbose lastModified Mon, 26 Oct 2020 21:52:26 GMT
371 http request GET https://registry.npmjs.org/picomatch
372 http 304 https://registry.npmjs.org/picomatch
373 verbose headers { date: 'Mon, 01 Mar 2021 15:58:06 GMT',
373 verbose headers   connection: 'keep-alive',
373 verbose headers   'set-cookie':
373 verbose headers    [ '__cfduid=dc27f1c89a3605b2859e2fa173f52482f1614614286; expires=Wed, 31-Mar-21 15:58:06 GMT; path=/; domain=.npmjs.org; HttpOnly; SameSite=Lax' ],
373 verbose headers   'cf-ray': '629395bafa2f3322-CDG',
373 verbose headers   age: '1963',
373 verbose headers   'cache-control': 'public, max-age=300',
373 verbose headers   etag: '"52106854e73bc1068c41b9705154243f"',
373 verbose headers   'last-modified': 'Mon, 26 Oct 2020 21:52:26 GMT',
373 verbose headers   vary: 'Accept-Encoding',
373 verbose headers   'cf-cache-status': 'HIT',
373 verbose headers   'cf-request-id': '08901be8df00003322fa890000000001',
373 verbose headers   'expect-ct': 'max-age=604800, report-uri="https://report-uri.cloudflare.com/cdn-cgi/beacon/expect-ct"',
373 verbose headers   server: 'cloudflare' }
374 silly get cb [ 304,
374 silly get   { date: 'Mon, 01 Mar 2021 15:58:06 GMT',
374 silly get     connection: 'keep-alive',
374 silly get     'set-cookie':
374 silly get      [ '__cfduid=dc27f1c89a3605b2859e2fa173f52482f1614614286; expires=Wed, 31-Mar-21 15:58:06 GMT; path=/; domain=.npmjs.org; HttpOnly; SameSite=Lax' ],
374 silly get     'cf-ray': '629395bafa2f3322-CDG',
374 silly get     age: '1963',
374 silly get     'cache-control': 'public, max-age=300',
374 silly get     etag: '"52106854e73bc1068c41b9705154243f"',
374 silly get     'last-modified': 'Mon, 26 Oct 2020 21:52:26 GMT',
374 silly get     vary: 'Accept-Encoding',
374 silly get     'cf-cache-status': 'HIT',
374 silly get     'cf-request-id': '08901be8df00003322fa890000000001',
374 silly get     'expect-ct': 'max-age=604800, report-uri="https://report-uri.cloudflare.com/cdn-cgi/beacon/expect-ct"',
374 silly get     server: 'cloudflare' } ]
375 verbose etag https://registry.npmjs.org/picomatch from cache
376 verbose get saving picomatch to /home/skann/.npm/registry.npmjs.org/picomatch/.cache.json
377 silly resolveWithNewModule picomatch@2.2.2 checking installable status
378 silly cache add args [ 'picomatch@^2.0.4', null ]
379 verbose cache add spec picomatch@^2.0.4
380 silly cache add parsed spec Result {
380 silly cache add   raw: 'picomatch@^2.0.4',
380 silly cache add   scope: null,
380 silly cache add   name: 'picomatch',
380 silly cache add   rawSpec: '^2.0.4',
380 silly cache add   spec: '>=2.0.4 <3.0.0',
380 silly cache add   type: 'range' }
381 silly addNamed picomatch@>=2.0.4 <3.0.0
382 verbose addNamed ">=2.0.4 <3.0.0" is a valid semver range for picomatch
383 silly addNameRange { name: 'picomatch', range: '>=2.0.4 <3.0.0', hasData: false }
384 silly mapToRegistry name picomatch
385 silly mapToRegistry using default registry
386 silly mapToRegistry registry https://registry.npmjs.org/
387 silly mapToRegistry uri https://registry.npmjs.org/picomatch
388 verbose addNameRange registry:https://registry.npmjs.org/picomatch not in flight; fetching
389 verbose get https://registry.npmjs.org/picomatch not expired, no request
390 silly addNameRange number 2 { name: 'picomatch', range: '>=2.0.4 <3.0.0', hasData: true }
391 silly addNameRange versions [ 'picomatch',
391 silly addNameRange   [ '1.0.0',
391 silly addNameRange     '1.0.1',
391 silly addNameRange     '1.0.2',
391 silly addNameRange     '1.1.0',
391 silly addNameRange     '1.1.1',
391 silly addNameRange     '1.1.2',
391 silly addNameRange     '1.2.0',
391 silly addNameRange     '2.0.0',
391 silly addNameRange     '2.0.1',
391 silly addNameRange     '2.0.2',
391 silly addNameRange     '2.0.3',
391 silly addNameRange     '2.0.4',
391 silly addNameRange     '2.0.5',
391 silly addNameRange     '2.0.6',
391 silly addNameRange     '2.0.7',
391 silly addNameRange     '2.1.0',
391 silly addNameRange     '2.1.1',
391 silly addNameRange     '2.2.0',
391 silly addNameRange     '2.2.1',
391 silly addNameRange     '2.2.2' ] ]
392 silly addNamed picomatch@2.2.2
393 verbose addNamed "2.2.2" is a plain semver version for picomatch
394 silly cache afterAdd picomatch@2.2.2
395 verbose afterAdd /home/skann/.npm/picomatch/2.2.2/package/package.json not in flight; writing
396 verbose afterAdd /home/skann/.npm/picomatch/2.2.2/package/package.json written
397 silly fetchNamedPackageData fill-range
398 silly mapToRegistry name fill-range
399 silly mapToRegistry using default registry
400 silly mapToRegistry registry https://registry.npmjs.org/
401 silly mapToRegistry uri https://registry.npmjs.org/fill-range
402 verbose request uri https://registry.npmjs.org/fill-range
403 verbose request no auth needed
404 info attempt registry request try #1 at 16:58:06
405 verbose etag W/"4eeac3d2c052a828a0fc7deef4bbc99e"
406 verbose lastModified Mon, 08 Apr 2019 13:42:42 GMT
407 http request GET https://registry.npmjs.org/fill-range
408 http 304 https://registry.npmjs.org/fill-range
409 verbose headers { date: 'Mon, 01 Mar 2021 15:58:06 GMT',
409 verbose headers   connection: 'keep-alive',
409 verbose headers   'set-cookie':
409 verbose headers    [ '__cfduid=db5ba578b748af3996ccc23ef6ee9adf71614614286; expires=Wed, 31-Mar-21 15:58:06 GMT; path=/; domain=.npmjs.org; HttpOnly; SameSite=Lax' ],
409 verbose headers   'cf-ray': '629395bb984b3316-CDG',
409 verbose headers   age: '3984',
409 verbose headers   'cache-control': 'public, max-age=300',
409 verbose headers   etag: '"4eeac3d2c052a828a0fc7deef4bbc99e"',
409 verbose headers   'last-modified': 'Mon, 08 Apr 2019 13:42:42 GMT',
409 verbose headers   vary: 'Accept-Encoding',
409 verbose headers   'cf-cache-status': 'HIT',
409 verbose headers   'cf-request-id': '08901be9410000331650b2c000000001',
409 verbose headers   'expect-ct': 'max-age=604800, report-uri="https://report-uri.cloudflare.com/cdn-cgi/beacon/expect-ct"',
409 verbose headers   server: 'cloudflare' }
410 silly get cb [ 304,
410 silly get   { date: 'Mon, 01 Mar 2021 15:58:06 GMT',
410 silly get     connection: 'keep-alive',
410 silly get     'set-cookie':
410 silly get      [ '__cfduid=db5ba578b748af3996ccc23ef6ee9adf71614614286; expires=Wed, 31-Mar-21 15:58:06 GMT; path=/; domain=.npmjs.org; HttpOnly; SameSite=Lax' ],
410 silly get     'cf-ray': '629395bb984b3316-CDG',
410 silly get     age: '3984',
410 silly get     'cache-control': 'public, max-age=300',
410 silly get     etag: '"4eeac3d2c052a828a0fc7deef4bbc99e"',
410 silly get     'last-modified': 'Mon, 08 Apr 2019 13:42:42 GMT',
410 silly get     vary: 'Accept-Encoding',
410 silly get     'cf-cache-status': 'HIT',
410 silly get     'cf-request-id': '08901be9410000331650b2c000000001',
410 silly get     'expect-ct': 'max-age=604800, report-uri="https://report-uri.cloudflare.com/cdn-cgi/beacon/expect-ct"',
410 silly get     server: 'cloudflare' } ]
411 verbose etag https://registry.npmjs.org/fill-range from cache
412 verbose get saving fill-range to /home/skann/.npm/registry.npmjs.org/fill-range/.cache.json
413 silly resolveWithNewModule fill-range@7.0.1 checking installable status
414 silly cache add args [ 'fill-range@^7.0.1', null ]
415 verbose cache add spec fill-range@^7.0.1
416 silly cache add parsed spec Result {
416 silly cache add   raw: 'fill-range@^7.0.1',
416 silly cache add   scope: null,
416 silly cache add   name: 'fill-range',
416 silly cache add   rawSpec: '^7.0.1',
416 silly cache add   spec: '>=7.0.1 <8.0.0',
416 silly cache add   type: 'range' }
417 silly addNamed fill-range@>=7.0.1 <8.0.0
418 verbose addNamed ">=7.0.1 <8.0.0" is a valid semver range for fill-range
419 silly addNameRange { name: 'fill-range', range: '>=7.0.1 <8.0.0', hasData: false }
420 silly mapToRegistry name fill-range
421 silly mapToRegistry using default registry
422 silly mapToRegistry registry https://registry.npmjs.org/
423 silly mapToRegistry uri https://registry.npmjs.org/fill-range
424 verbose addNameRange registry:https://registry.npmjs.org/fill-range not in flight; fetching
425 verbose get https://registry.npmjs.org/fill-range not expired, no request
426 silly addNameRange number 2 { name: 'fill-range', range: '>=7.0.1 <8.0.0', hasData: true }
427 silly addNameRange versions [ 'fill-range',
427 silly addNameRange   [ '0.1.0',
427 silly addNameRange     '0.1.1',
427 silly addNameRange     '0.2.0',
427 silly addNameRange     '1.0.0',
427 silly addNameRange     '1.1.0',
427 silly addNameRange     '1.2.0',
427 silly addNameRange     '1.3.0',
427 silly addNameRange     '1.4.0',
427 silly addNameRange     '1.5.0',
427 silly addNameRange     '1.6.0',
427 silly addNameRange     '1.7.0',
427 silly addNameRange     '1.7.1',
427 silly addNameRange     '1.8.0',
427 silly addNameRange     '1.9.0',
427 silly addNameRange     '2.0.0',
427 silly addNameRange     '2.1.0',
427 silly addNameRange     '2.2.0',
427 silly addNameRange     '2.2.1',
427 silly addNameRange     '2.2.2',
427 silly addNameRange     '2.2.3',
427 silly addNameRange     '3.0.0',
427 silly addNameRange     '3.0.1',
427 silly addNameRange     '3.0.2',
427 silly addNameRange     '3.0.3',
427 silly addNameRange     '3.1.0',
427 silly addNameRange     '3.1.1',
427 silly addNameRange     '4.0.0',
427 silly addNameRange     '5.0.0',
427 silly addNameRange     '2.2.4',
427 silly addNameRange     '6.0.0',
427 silly addNameRange     '7.0.0',
427 silly addNameRange     '7.0.1' ] ]
428 silly addNamed fill-range@7.0.1
429 verbose addNamed "7.0.1" is a plain semver version for fill-range
430 silly cache afterAdd fill-range@7.0.1
431 verbose afterAdd /home/skann/.npm/fill-range/7.0.1/package/package.json not in flight; writing
432 verbose afterAdd /home/skann/.npm/fill-range/7.0.1/package/package.json written
433 silly fetchNamedPackageData to-regex-range
434 silly mapToRegistry name to-regex-range
435 silly mapToRegistry using default registry
436 silly mapToRegistry registry https://registry.npmjs.org/
437 silly mapToRegistry uri https://registry.npmjs.org/to-regex-range
438 verbose request uri https://registry.npmjs.org/to-regex-range
439 verbose request no auth needed
440 info attempt registry request try #1 at 16:58:06
441 verbose etag W/"c16671d126f61886b4fedbad415ca4c2"
442 verbose lastModified Sun, 07 Apr 2019 06:04:40 GMT
443 http request GET https://registry.npmjs.org/to-regex-range
444 http 304 https://registry.npmjs.org/to-regex-range
445 verbose headers { date: 'Mon, 01 Mar 2021 15:58:06 GMT',
445 verbose headers   connection: 'keep-alive',
445 verbose headers   'set-cookie':
445 verbose headers    [ '__cfduid=d0ef17cb1712ed40e0d654fc843d3ce951614614286; expires=Wed, 31-Mar-21 15:58:06 GMT; path=/; domain=.npmjs.org; HttpOnly; SameSite=Lax' ],
445 verbose headers   'cf-ray': '629395bc0a800810-CDG',
445 verbose headers   age: '3982',
445 verbose headers   'cache-control': 'public, max-age=300',
445 verbose headers   etag: '"c16671d126f61886b4fedbad415ca4c2"',
445 verbose headers   'last-modified': 'Sun, 07 Apr 2019 06:04:40 GMT',
445 verbose headers   vary: 'Accept-Encoding',
445 verbose headers   'cf-cache-status': 'HIT',
445 verbose headers   'cf-request-id': '08901be98500000810448b5000000001',
445 verbose headers   'expect-ct': 'max-age=604800, report-uri="https://report-uri.cloudflare.com/cdn-cgi/beacon/expect-ct"',
445 verbose headers   server: 'cloudflare' }
446 silly get cb [ 304,
446 silly get   { date: 'Mon, 01 Mar 2021 15:58:06 GMT',
446 silly get     connection: 'keep-alive',
446 silly get     'set-cookie':
446 silly get      [ '__cfduid=d0ef17cb1712ed40e0d654fc843d3ce951614614286; expires=Wed, 31-Mar-21 15:58:06 GMT; path=/; domain=.npmjs.org; HttpOnly; SameSite=Lax' ],
446 silly get     'cf-ray': '629395bc0a800810-CDG',
446 silly get     age: '3982',
446 silly get     'cache-control': 'public, max-age=300',
446 silly get     etag: '"c16671d126f61886b4fedbad415ca4c2"',
446 silly get     'last-modified': 'Sun, 07 Apr 2019 06:04:40 GMT',
446 silly get     vary: 'Accept-Encoding',
446 silly get     'cf-cache-status': 'HIT',
446 silly get     'cf-request-id': '08901be98500000810448b5000000001',
446 silly get     'expect-ct': 'max-age=604800, report-uri="https://report-uri.cloudflare.com/cdn-cgi/beacon/expect-ct"',
446 silly get     server: 'cloudflare' } ]
447 verbose etag https://registry.npmjs.org/to-regex-range from cache
448 verbose get saving to-regex-range to /home/skann/.npm/registry.npmjs.org/to-regex-range/.cache.json
449 silly resolveWithNewModule to-regex-range@5.0.1 checking installable status
450 silly cache add args [ 'to-regex-range@^5.0.1', null ]
451 verbose cache add spec to-regex-range@^5.0.1
452 silly cache add parsed spec Result {
452 silly cache add   raw: 'to-regex-range@^5.0.1',
452 silly cache add   scope: null,
452 silly cache add   name: 'to-regex-range',
452 silly cache add   rawSpec: '^5.0.1',
452 silly cache add   spec: '>=5.0.1 <6.0.0',
452 silly cache add   type: 'range' }
453 silly addNamed to-regex-range@>=5.0.1 <6.0.0
454 verbose addNamed ">=5.0.1 <6.0.0" is a valid semver range for to-regex-range
455 silly addNameRange { name: 'to-regex-range',
455 silly addNameRange   range: '>=5.0.1 <6.0.0',
455 silly addNameRange   hasData: false }
456 silly mapToRegistry name to-regex-range
457 silly mapToRegistry using default registry
458 silly mapToRegistry registry https://registry.npmjs.org/
459 silly mapToRegistry uri https://registry.npmjs.org/to-regex-range
460 verbose addNameRange registry:https://registry.npmjs.org/to-regex-range not in flight; fetching
461 verbose get https://registry.npmjs.org/to-regex-range not expired, no request
462 silly addNameRange number 2 { name: 'to-regex-range',
462 silly addNameRange   range: '>=5.0.1 <6.0.0',
462 silly addNameRange   hasData: true }
463 silly addNameRange versions [ 'to-regex-range',
463 silly addNameRange   [ '0.1.0',
463 silly addNameRange     '0.1.1',
463 silly addNameRange     '0.1.2',
463 silly addNameRange     '0.1.3',
463 silly addNameRange     '0.2.0',
463 silly addNameRange     '1.0.0',
463 silly addNameRange     '1.0.1',
463 silly addNameRange     '1.0.2',
463 silly addNameRange     '2.0.0',
463 silly addNameRange     '2.1.0',
463 silly addNameRange     '2.1.1',
463 silly addNameRange     '3.0.0',
463 silly addNameRange     '4.0.0',
463 silly addNameRange     '4.0.1',
463 silly addNameRange     '4.0.2',
463 silly addNameRange     '4.0.3',
463 silly addNameRange     '5.0.0',
463 silly addNameRange     '5.0.1' ] ]
464 silly addNamed to-regex-range@5.0.1
465 verbose addNamed "5.0.1" is a plain semver version for to-regex-range
466 silly cache afterAdd to-regex-range@5.0.1
467 verbose afterAdd /home/skann/.npm/to-regex-range/5.0.1/package/package.json not in flight; writing
468 verbose afterAdd /home/skann/.npm/to-regex-range/5.0.1/package/package.json written
469 silly fetchNamedPackageData is-number
470 silly mapToRegistry name is-number
471 silly mapToRegistry using default registry
472 silly mapToRegistry registry https://registry.npmjs.org/
473 silly mapToRegistry uri https://registry.npmjs.org/is-number
474 verbose request uri https://registry.npmjs.org/is-number
475 verbose request no auth needed
476 info attempt registry request try #1 at 16:58:06
477 verbose etag W/"1d40f5d36d202ca83b2212f8bf3e4622"
478 verbose lastModified Wed, 04 Jul 2018 15:09:05 GMT
479 http request GET https://registry.npmjs.org/is-number
480 http 304 https://registry.npmjs.org/is-number
481 verbose headers { date: 'Mon, 01 Mar 2021 15:58:06 GMT',
481 verbose headers   connection: 'keep-alive',
481 verbose headers   'set-cookie':
481 verbose headers    [ '__cfduid=dc367a8224b3c7967b2a1340449b2df761614614286; expires=Wed, 31-Mar-21 15:58:06 GMT; path=/; domain=.npmjs.org; HttpOnly; SameSite=Lax' ],
481 verbose headers   'cf-ray': '629395bca8f3049f-CDG',
481 verbose headers   age: '3986',
481 verbose headers   'cache-control': 'public, max-age=300',
481 verbose headers   etag: '"1d40f5d36d202ca83b2212f8bf3e4622"',
481 verbose headers   'last-modified': 'Wed, 04 Jul 2018 15:09:05 GMT',
481 verbose headers   vary: 'Accept-Encoding',
481 verbose headers   'cf-cache-status': 'HIT',
481 verbose headers   'cf-request-id': '08901be9e60000049f46350000000001',
481 verbose headers   'expect-ct': 'max-age=604800, report-uri="https://report-uri.cloudflare.com/cdn-cgi/beacon/expect-ct"',
481 verbose headers   server: 'cloudflare' }
482 silly get cb [ 304,
482 silly get   { date: 'Mon, 01 Mar 2021 15:58:06 GMT',
482 silly get     connection: 'keep-alive',
482 silly get     'set-cookie':
482 silly get      [ '__cfduid=dc367a8224b3c7967b2a1340449b2df761614614286; expires=Wed, 31-Mar-21 15:58:06 GMT; path=/; domain=.npmjs.org; HttpOnly; SameSite=Lax' ],
482 silly get     'cf-ray': '629395bca8f3049f-CDG',
482 silly get     age: '3986',
482 silly get     'cache-control': 'public, max-age=300',
482 silly get     etag: '"1d40f5d36d202ca83b2212f8bf3e4622"',
482 silly get     'last-modified': 'Wed, 04 Jul 2018 15:09:05 GMT',
482 silly get     vary: 'Accept-Encoding',
482 silly get     'cf-cache-status': 'HIT',
482 silly get     'cf-request-id': '08901be9e60000049f46350000000001',
482 silly get     'expect-ct': 'max-age=604800, report-uri="https://report-uri.cloudflare.com/cdn-cgi/beacon/expect-ct"',
482 silly get     server: 'cloudflare' } ]
483 verbose etag https://registry.npmjs.org/is-number from cache
484 verbose get saving is-number to /home/skann/.npm/registry.npmjs.org/is-number/.cache.json
485 silly resolveWithNewModule is-number@7.0.0 checking installable status
486 silly cache add args [ 'is-number@^7.0.0', null ]
487 verbose cache add spec is-number@^7.0.0
488 silly cache add parsed spec Result {
488 silly cache add   raw: 'is-number@^7.0.0',
488 silly cache add   scope: null,
488 silly cache add   name: 'is-number',
488 silly cache add   rawSpec: '^7.0.0',
488 silly cache add   spec: '>=7.0.0 <8.0.0',
488 silly cache add   type: 'range' }
489 silly addNamed is-number@>=7.0.0 <8.0.0
490 verbose addNamed ">=7.0.0 <8.0.0" is a valid semver range for is-number
491 silly addNameRange { name: 'is-number', range: '>=7.0.0 <8.0.0', hasData: false }
492 silly mapToRegistry name is-number
493 silly mapToRegistry using default registry
494 silly mapToRegistry registry https://registry.npmjs.org/
495 silly mapToRegistry uri https://registry.npmjs.org/is-number
496 verbose addNameRange registry:https://registry.npmjs.org/is-number not in flight; fetching
497 verbose get https://registry.npmjs.org/is-number not expired, no request
498 silly addNameRange number 2 { name: 'is-number', range: '>=7.0.0 <8.0.0', hasData: true }
499 silly addNameRange versions [ 'is-number',
499 silly addNameRange   [ '0.1.0',
499 silly addNameRange     '0.1.1',
499 silly addNameRange     '1.0.0',
499 silly addNameRange     '1.1.0',
499 silly addNameRange     '1.1.1',
499 silly addNameRange     '1.1.2',
499 silly addNameRange     '2.0.0',
499 silly addNameRange     '2.0.1',
499 silly addNameRange     '2.0.2',
499 silly addNameRange     '2.1.0',
499 silly addNameRange     '3.0.0',
499 silly addNameRange     '4.0.0',
499 silly addNameRange     '5.0.0',
499 silly addNameRange     '6.0.0',
499 silly addNameRange     '7.0.0' ] ]
500 silly addNamed is-number@7.0.0
501 verbose addNamed "7.0.0" is a plain semver version for is-number
502 silly cache afterAdd is-number@7.0.0
503 verbose afterAdd /home/skann/.npm/is-number/7.0.0/package/package.json not in flight; writing
504 verbose afterAdd /home/skann/.npm/is-number/7.0.0/package/package.json written
505 silly fetchNamedPackageData is-extglob
506 silly mapToRegistry name is-extglob
507 silly mapToRegistry using default registry
508 silly mapToRegistry registry https://registry.npmjs.org/
509 silly mapToRegistry uri https://registry.npmjs.org/is-extglob
510 verbose request uri https://registry.npmjs.org/is-extglob
511 verbose request no auth needed
512 info attempt registry request try #1 at 16:58:06
513 verbose etag W/"793d1b13bd8d035cd22e5c9ac543fd42"
514 verbose lastModified Sun, 27 May 2018 04:58:59 GMT
515 http request GET https://registry.npmjs.org/is-extglob
516 http 304 https://registry.npmjs.org/is-extglob
517 verbose headers { date: 'Mon, 01 Mar 2021 15:58:06 GMT',
517 verbose headers   connection: 'keep-alive',
517 verbose headers   'set-cookie':
517 verbose headers    [ '__cfduid=d3f265631007bd66978a1101d4ae807921614614286; expires=Wed, 31-Mar-21 15:58:06 GMT; path=/; domain=.npmjs.org; HttpOnly; SameSite=Lax' ],
517 verbose headers   'cf-ray': '629395bd4e3e331e-CDG',
517 verbose headers   age: '5142',
517 verbose headers   'cache-control': 'public, max-age=300',
517 verbose headers   etag: '"793d1b13bd8d035cd22e5c9ac543fd42"',
517 verbose headers   'last-modified': 'Sun, 27 May 2018 04:58:59 GMT',
517 verbose headers   vary: 'Accept-Encoding',
517 verbose headers   'cf-cache-status': 'HIT',
517 verbose headers   'cf-request-id': '08901bea490000331efdbd5000000001',
517 verbose headers   'expect-ct': 'max-age=604800, report-uri="https://report-uri.cloudflare.com/cdn-cgi/beacon/expect-ct"',
517 verbose headers   server: 'cloudflare' }
518 silly get cb [ 304,
518 silly get   { date: 'Mon, 01 Mar 2021 15:58:06 GMT',
518 silly get     connection: 'keep-alive',
518 silly get     'set-cookie':
518 silly get      [ '__cfduid=d3f265631007bd66978a1101d4ae807921614614286; expires=Wed, 31-Mar-21 15:58:06 GMT; path=/; domain=.npmjs.org; HttpOnly; SameSite=Lax' ],
518 silly get     'cf-ray': '629395bd4e3e331e-CDG',
518 silly get     age: '5142',
518 silly get     'cache-control': 'public, max-age=300',
518 silly get     etag: '"793d1b13bd8d035cd22e5c9ac543fd42"',
518 silly get     'last-modified': 'Sun, 27 May 2018 04:58:59 GMT',
518 silly get     vary: 'Accept-Encoding',
518 silly get     'cf-cache-status': 'HIT',
518 silly get     'cf-request-id': '08901bea490000331efdbd5000000001',
518 silly get     'expect-ct': 'max-age=604800, report-uri="https://report-uri.cloudflare.com/cdn-cgi/beacon/expect-ct"',
518 silly get     server: 'cloudflare' } ]
519 verbose etag https://registry.npmjs.org/is-extglob from cache
520 verbose get saving is-extglob to /home/skann/.npm/registry.npmjs.org/is-extglob/.cache.json
521 silly resolveWithNewModule is-extglob@2.1.1 checking installable status
522 silly cache add args [ 'is-extglob@^2.1.1', null ]
523 verbose cache add spec is-extglob@^2.1.1
524 silly cache add parsed spec Result {
524 silly cache add   raw: 'is-extglob@^2.1.1',
524 silly cache add   scope: null,
524 silly cache add   name: 'is-extglob',
524 silly cache add   rawSpec: '^2.1.1',
524 silly cache add   spec: '>=2.1.1 <3.0.0',
524 silly cache add   type: 'range' }
525 silly addNamed is-extglob@>=2.1.1 <3.0.0
526 verbose addNamed ">=2.1.1 <3.0.0" is a valid semver range for is-extglob
527 silly addNameRange { name: 'is-extglob', range: '>=2.1.1 <3.0.0', hasData: false }
528 silly mapToRegistry name is-extglob
529 silly mapToRegistry using default registry
530 silly mapToRegistry registry https://registry.npmjs.org/
531 silly mapToRegistry uri https://registry.npmjs.org/is-extglob
532 verbose addNameRange registry:https://registry.npmjs.org/is-extglob not in flight; fetching
533 verbose get https://registry.npmjs.org/is-extglob not expired, no request
534 silly addNameRange number 2 { name: 'is-extglob', range: '>=2.1.1 <3.0.0', hasData: true }
535 silly addNameRange versions [ 'is-extglob', [ '1.0.0', '2.0.0', '2.1.0', '2.1.1' ] ]
536 silly addNamed is-extglob@2.1.1
537 verbose addNamed "2.1.1" is a plain semver version for is-extglob
538 silly cache afterAdd is-extglob@2.1.1
539 verbose afterAdd /home/skann/.npm/is-extglob/2.1.1/package/package.json not in flight; writing
540 verbose afterAdd /home/skann/.npm/is-extglob/2.1.1/package/package.json written
541 silly fetchNamedPackageData binary-extensions
542 silly mapToRegistry name binary-extensions
543 silly mapToRegistry using default registry
544 silly mapToRegistry registry https://registry.npmjs.org/
545 silly mapToRegistry uri https://registry.npmjs.org/binary-extensions
546 verbose request uri https://registry.npmjs.org/binary-extensions
547 verbose request no auth needed
548 info attempt registry request try #1 at 16:58:06
549 verbose etag W/"9c1775087369fb3d517e2727c6252cf8"
550 verbose lastModified Sun, 10 Jan 2021 17:52:50 GMT
551 http request GET https://registry.npmjs.org/binary-extensions
552 http 304 https://registry.npmjs.org/binary-extensions
553 verbose headers { date: 'Mon, 01 Mar 2021 15:58:07 GMT',
553 verbose headers   connection: 'keep-alive',
553 verbose headers   'set-cookie':
553 verbose headers    [ '__cfduid=d7d493ad8bf0f9d8488428ca6226627e81614614287; expires=Wed, 31-Mar-21 15:58:07 GMT; path=/; domain=.npmjs.org; HttpOnly; SameSite=Lax' ],
553 verbose headers   'cf-ray': '629395bdaad0ee1f-CDG',
553 verbose headers   age: '1493',
553 verbose headers   'cache-control': 'public, max-age=300',
553 verbose headers   etag: '"9c1775087369fb3d517e2727c6252cf8"',
553 verbose headers   'last-modified': 'Sun, 10 Jan 2021 17:52:50 GMT',
553 verbose headers   vary: 'Accept-Encoding',
553 verbose headers   'cf-cache-status': 'HIT',
553 verbose headers   'cf-request-id': '08901bea940000ee1fcd316000000001',
553 verbose headers   'expect-ct': 'max-age=604800, report-uri="https://report-uri.cloudflare.com/cdn-cgi/beacon/expect-ct"',
553 verbose headers   server: 'cloudflare' }
554 silly get cb [ 304,
554 silly get   { date: 'Mon, 01 Mar 2021 15:58:07 GMT',
554 silly get     connection: 'keep-alive',
554 silly get     'set-cookie':
554 silly get      [ '__cfduid=d7d493ad8bf0f9d8488428ca6226627e81614614287; expires=Wed, 31-Mar-21 15:58:07 GMT; path=/; domain=.npmjs.org; HttpOnly; SameSite=Lax' ],
554 silly get     'cf-ray': '629395bdaad0ee1f-CDG',
554 silly get     age: '1493',
554 silly get     'cache-control': 'public, max-age=300',
554 silly get     etag: '"9c1775087369fb3d517e2727c6252cf8"',
554 silly get     'last-modified': 'Sun, 10 Jan 2021 17:52:50 GMT',
554 silly get     vary: 'Accept-Encoding',
554 silly get     'cf-cache-status': 'HIT',
554 silly get     'cf-request-id': '08901bea940000ee1fcd316000000001',
554 silly get     'expect-ct': 'max-age=604800, report-uri="https://report-uri.cloudflare.com/cdn-cgi/beacon/expect-ct"',
554 silly get     server: 'cloudflare' } ]
555 verbose etag https://registry.npmjs.org/binary-extensions from cache
556 verbose get saving binary-extensions to /home/skann/.npm/registry.npmjs.org/binary-extensions/.cache.json
557 silly resolveWithNewModule binary-extensions@2.2.0 checking installable status
558 silly cache add args [ 'binary-extensions@^2.0.0', null ]
559 verbose cache add spec binary-extensions@^2.0.0
560 silly cache add parsed spec Result {
560 silly cache add   raw: 'binary-extensions@^2.0.0',
560 silly cache add   scope: null,
560 silly cache add   name: 'binary-extensions',
560 silly cache add   rawSpec: '^2.0.0',
560 silly cache add   spec: '>=2.0.0 <3.0.0',
560 silly cache add   type: 'range' }
561 silly addNamed binary-extensions@>=2.0.0 <3.0.0
562 verbose addNamed ">=2.0.0 <3.0.0" is a valid semver range for binary-extensions
563 silly addNameRange { name: 'binary-extensions',
563 silly addNameRange   range: '>=2.0.0 <3.0.0',
563 silly addNameRange   hasData: false }
564 silly mapToRegistry name binary-extensions
565 silly mapToRegistry using default registry
566 silly mapToRegistry registry https://registry.npmjs.org/
567 silly mapToRegistry uri https://registry.npmjs.org/binary-extensions
568 verbose addNameRange registry:https://registry.npmjs.org/binary-extensions not in flight; fetching
569 verbose get https://registry.npmjs.org/binary-extensions not expired, no request
570 silly addNameRange number 2 { name: 'binary-extensions',
570 silly addNameRange   range: '>=2.0.0 <3.0.0',
570 silly addNameRange   hasData: true }
571 silly addNameRange versions [ 'binary-extensions',
571 silly addNameRange   [ '1.0.0',
571 silly addNameRange     '1.0.1',
571 silly addNameRange     '1.0.2',
571 silly addNameRange     '1.1.0',
571 silly addNameRange     '1.1.1',
571 silly addNameRange     '1.2.0',
571 silly addNameRange     '1.3.0',
571 silly addNameRange     '1.3.1',
571 silly addNameRange     '1.4.0',
571 silly addNameRange     '1.4.1',
571 silly addNameRange     '1.5.0',
571 silly addNameRange     '1.6.0',
571 silly addNameRange     '1.7.0',
571 silly addNameRange     '1.8.0',
571 silly addNameRange     '1.9.0',
571 silly addNameRange     '1.10.0',
571 silly addNameRange     '1.11.0',
571 silly addNameRange     '1.12.0',
571 silly addNameRange     '1.13.0',
571 silly addNameRange     '1.13.1',
571 silly addNameRange     '2.0.0',
571 silly addNameRange     '2.1.0',
571 silly addNameRange     '2.2.0' ] ]
572 silly addNamed binary-extensions@2.2.0
573 verbose addNamed "2.2.0" is a plain semver version for binary-extensions
574 silly cache afterAdd binary-extensions@2.2.0
575 verbose afterAdd /home/skann/.npm/binary-extensions/2.2.0/package/package.json not in flight; writing
576 verbose afterAdd /home/skann/.npm/binary-extensions/2.2.0/package/package.json written
577 silly loadAllDepsIntoIdealTree Finishing
578 silly idealTree:prePrune lib
578 silly idealTree:prePrune  sass@1.32.8
578 silly idealTree:prePrune    anymatch@3.1.1
578 silly idealTree:prePrune    binary-extensions@2.2.0
578 silly idealTree:prePrune    braces@3.0.2
578 silly idealTree:prePrune    chokidar@3.5.1
578 silly idealTree:prePrune    fill-range@7.0.1
578 silly idealTree:prePrune    glob-parent@5.1.1
578 silly idealTree:prePrune    is-binary-path@2.1.0
578 silly idealTree:prePrune    is-extglob@2.1.1
578 silly idealTree:prePrune    is-glob@4.0.1
578 silly idealTree:prePrune    is-number@7.0.0
578 silly idealTree:prePrune    normalize-path@3.0.0
578 silly idealTree:prePrune    picomatch@2.2.2
578 silly idealTree:prePrune    readdirp@3.5.0
578 silly idealTree:prePrune    to-regex-range@5.0.1
579 silly loadIdealTree Finishing
580 silly currentTree lib
581 silly idealTree lib
581 silly idealTree  sass@1.32.8
581 silly idealTree    anymatch@3.1.1
581 silly idealTree    binary-extensions@2.2.0
581 silly idealTree    braces@3.0.2
581 silly idealTree    chokidar@3.5.1
581 silly idealTree    fill-range@7.0.1
581 silly idealTree    glob-parent@5.1.1
581 silly idealTree    is-binary-path@2.1.0
581 silly idealTree    is-extglob@2.1.1
581 silly idealTree    is-glob@4.0.1
581 silly idealTree    is-number@7.0.0
581 silly idealTree    normalize-path@3.0.0
581 silly idealTree    picomatch@2.2.2
581 silly idealTree    readdirp@3.5.0
581 silly idealTree    to-regex-range@5.0.1
582 silly generateActionsToTake Starting
583 silly install generateActionsToTake
584 warn checkPermissions Missing write access to /usr/local/lib
585 silly rollbackFailedOptional Starting
586 silly rollbackFailedOptional Finishing
587 silly runTopLevelLifecycles Starting
588 silly runTopLevelLifecycles Finishing
589 silly install printInstalled
590 warn optional Skipping failed optional dependency /sass/chokidar/fsevents:
591 warn notsup Not compatible with your operating system or architecture: fsevents@2.3.2
592 verbose stack Error: EACCES: permission denied, access '/usr/local/lib'
593 verbose cwd /home/skann/Bureau/Projet3-Openclassrooms
594 error Linux 5.4.0-65-generic
595 error argv "/usr/bin/node" "/usr/bin/npm" "install" "sass" "-g"
596 error node v8.10.0
597 error npm  v3.5.2
598 error path /usr/local/lib
599 error code EACCES
600 error errno -13
601 error syscall access
602 error Error: EACCES: permission denied, access '/usr/local/lib'
602 error  { Error: EACCES: permission denied, access '/usr/local/lib'
602 error   errno: -13,
602 error   code: 'EACCES',
602 error   syscall: 'access',
602 error   path: '/usr/local/lib' }
603 error Please try running this command again as root/Administrator.
604 verbose exit [ -13, true ]
